[debug] ----------------------------------------------------------------------
[debug] Command:      /usr/local/bin/node /usr/local/bin/firebase serve
[debug] CLI Version:  3.0.4
[debug] Platform:     linux
[debug] Node Version: v6.2.2
[debug] Time:         Wed Jul 27 2016 16:17:28 GMT-0400 (EDT)
[debug] ----------------------------------------------------------------------
[debug] 
[info] Starting Firebase development server...
[info] 
[warn] ⚠  No Firebase project directory detected. Serving static content from /home/fbueti/Desktop/contracts/webapp
[info] 
[info] Server listening at: http://localhost:5000
[debug] ----------------------------------------------------------------------
[debug] Command:      /usr/local/bin/node /usr/local/bin/firebase serve
[debug] CLI Version:  3.0.4
[debug] Platform:     linux
[debug] Node Version: v6.2.2
[debug] Time:         Wed Jul 27 2016 20:11:57 GMT-0400 (EDT)
[debug] ----------------------------------------------------------------------
[debug] 
[info] Starting Firebase development server...
[info] 
[warn] ⚠  No Firebase project directory detected. Serving static content from /home/fbueti/Desktop/contracts/webapp
[info] 
[info] Server listening at: http://localhost:5000
